<?xml version="1.0" encoding="UTF-8"?>
<coverage generated="1718298150712" clover="3.2.0">
  <project timestamp="1718298150712" name="All files">
    <metrics statements="18" coveredstatements="18" conditionals="4" coveredconditionals="3" methods="8" coveredmethods="8" elements="30" coveredelements="29" complexity="0" loc="18" ncloc="18" packages="1" files="1" classes="1"/>
    <file name="SolanaAccountManager.ts" path="E:\Sol\solana-account-manager\src\SolanaAccountManager.ts">
      <metrics statements="18" coveredstatements="18" conditionals="4" coveredconditionals="3" methods="8" coveredmethods="8"/>
      <line num="14" count="3" type="stmt"/>
      <line num="24" count="3" type="cond" truecount="1" falsecount="1"/>
      <line num="28" count="1" type="stmt"/>
      <line num="29" count="1" type="stmt"/>
      <line num="31" count="2" type="stmt"/>
      <line num="32" count="2" type="stmt"/>
      <line num="34" count="1" type="stmt"/>
      <line num="35" count="1" type="stmt"/>
      <line num="36" count="1" type="stmt"/>
      <line num="38" count="1" type="stmt"/>
      <line num="39" count="2" type="cond" truecount="2" falsecount="0"/>
      <line num="40" count="1" type="stmt"/>
      <line num="41" count="1" type="stmt"/>
      <line num="43" count="1" type="stmt"/>
      <line num="47" count="1" type="stmt"/>
      <line num="48" count="1" type="stmt"/>
      <line num="51" count="1" type="stmt"/>
      <line num="55" count="1" type="stmt"/>
    </file>
  </project>
</coverage>
