{"E:\\Sol\\solana-account-manager\\src\\SolanaAccountManager.ts": {"path":"E:\\Sol\\solana-account-manager\\src\\SolanaAccountManager.ts","statementMap":{"0":{"start":{"line":14,"column":53},"end":{"line":23,"column":10}},"1":{"start":{"line":24,"column":8},"end":{"line":24,"column":97}},"2":{"start":{"line":24,"column":38},"end":{"line":24,"column":95}},"3":{"start":{"line":24,"column":55},"end":{"line":24,"column":89}},"4":{"start":{"line":28,"column":24},"end":{"line":28,"column":56}},"5":{"start":{"line":29,"column":24},"end":{"line":29,"column":56}},"6":{"start":{"line":31,"column":27},"end":{"line":31,"column":85}},"7":{"start":{"line":31,"column":56},"end":{"line":31,"column":83}},"8":{"start":{"line":32,"column":27},"end":{"line":32,"column":85}},"9":{"start":{"line":32,"column":56},"end":{"line":32,"column":83}},"10":{"start":{"line":34,"column":38},"end":{"line":34,"column":40}},"11":{"start":{"line":35,"column":38},"end":{"line":35,"column":40}},"12":{"start":{"line":36,"column":38},"end":{"line":36,"column":40}},"13":{"start":{"line":38,"column":8},"end":{"line":45,"column":11}},"14":{"start":{"line":39,"column":12},"end":{"line":44,"column":13}},"15":{"start":{"line":40,"column":16},"end":{"line":40,"column":76}},"16":{"start":{"line":41,"column":16},"end":{"line":41,"column":40}},"17":{"start":{"line":43,"column":16},"end":{"line":43,"column":53}},"18":{"start":{"line":47,"column":8},"end":{"line":49,"column":11}},"19":{"start":{"line":48,"column":12},"end":{"line":48,"column":49}},"20":{"start":{"line":51,"column":8},"end":{"line":51,"column":60}},"21":{"start":{"line":55,"column":9},"end":{"line":55,"column":29}}},"fnMap":{"0":{"name":"(anonymous_0)","decl":{"start":{"line":13,"column":4},"end":{"line":13,"column":9}},"loc":{"start":{"line":13,"column":39},"end":{"line":25,"column":5}}},"1":{"name":"(anonymous_1)","decl":{"start":{"line":24,"column":27},"end":{"line":24,"column":34}},"loc":{"start":{"line":24,"column":38},"end":{"line":24,"column":95}}},"2":{"name":"(anonymous_2)","decl":{"start":{"line":24,"column":49},"end":{"line":24,"column":52}},"loc":{"start":{"line":24,"column":55},"end":{"line":24,"column":89}}},"3":{"name":"(anonymous_3)","decl":{"start":{"line":27,"column":4},"end":{"line":27,"column":9}},"loc":{"start":{"line":27,"column":60},"end":{"line":52,"column":5}}},"4":{"name":"(anonymous_4)","decl":{"start":{"line":31,"column":47},"end":{"line":31,"column":52}},"loc":{"start":{"line":31,"column":56},"end":{"line":31,"column":83}}},"5":{"name":"(anonymous_5)","decl":{"start":{"line":32,"column":47},"end":{"line":32,"column":52}},"loc":{"start":{"line":32,"column":56},"end":{"line":32,"column":83}}},"6":{"name":"(anonymous_6)","decl":{"start":{"line":38,"column":27},"end":{"line":38,"column":28}},"loc":{"start":{"line":38,"column":45},"end":{"line":45,"column":9}}},"7":{"name":"(anonymous_7)","decl":{"start":{"line":47,"column":27},"end":{"line":47,"column":28}},"loc":{"start":{"line":47,"column":45},"end":{"line":49,"column":9}}}},"branchMap":{"0":{"loc":{"start":{"line":24,"column":63},"end":{"line":24,"column":88}},"type":"binary-expr","locations":[{"start":{"line":24,"column":63},"end":{"line":24,"column":82}},{"start":{"line":24,"column":86},"end":{"line":24,"column":88}}]},"1":{"loc":{"start":{"line":39,"column":12},"end":{"line":44,"column":13}},"type":"if","locations":[{"start":{"line":39,"column":12},"end":{"line":44,"column":13}},{"start":{"line":42,"column":19},"end":{"line":44,"column":13}}]}},"s":{"0":3,"1":3,"2":3,"3":3,"4":1,"5":1,"6":1,"7":2,"8":1,"9":2,"10":1,"11":1,"12":1,"13":1,"14":2,"15":1,"16":1,"17":1,"18":1,"19":1,"20":1,"21":1},"f":{"0":3,"1":3,"2":3,"3":1,"4":2,"5":2,"6":2,"7":1},"b":{"0":[3,0],"1":[1,1]}}
}
